2021-01-18 11:22:52,921 INFO o.a.j.u.JMeterUtils: Setting Locale to en_EN
2021-01-18 11:22:52,942 INFO o.a.j.JMeter: Loading user properties from: user.properties
2021-01-18 11:22:52,943 INFO o.a.j.JMeter: Loading system properties from: system.properties
2021-01-18 11:22:52,944 INFO o.a.j.JMeter: Setting JMeter property: environment=env.perf.telflow.com
2021-01-18 11:22:52,945 INFO o.a.j.JMeter: Setting JMeter property: module=TR-0
2021-01-18 11:22:52,949 INFO o.a.j.JMeter: Copyright (c) 1998-2020 The Apache Software Foundation
2021-01-18 11:22:52,950 INFO o.a.j.JMeter: Version 5.3
2021-01-18 11:22:52,950 INFO o.a.j.JMeter: java.version=1.8.0_171
2021-01-18 11:22:52,950 INFO o.a.j.JMeter: java.vm.name=Java HotSpot(TM) 64-Bit Server VM
2021-01-18 11:22:52,954 INFO o.a.j.JMeter: os.name=Windows 10
2021-01-18 11:22:52,954 INFO o.a.j.JMeter: os.arch=amd64
2021-01-18 11:22:52,954 INFO o.a.j.JMeter: os.version=10.0
2021-01-18 11:22:52,954 INFO o.a.j.JMeter: file.encoding=Cp1252
2021-01-18 11:22:52,954 INFO o.a.j.JMeter: java.awt.headless=true
2021-01-18 11:22:52,954 INFO o.a.j.JMeter: Max memory     =1073741824
2021-01-18 11:22:52,954 INFO o.a.j.JMeter: Available Processors =4
2021-01-18 11:22:52,962 INFO o.a.j.JMeter: Default Locale=English (EN)
2021-01-18 11:22:52,962 INFO o.a.j.JMeter: JMeter  Locale=English (EN)
2021-01-18 11:22:52,963 INFO o.a.j.JMeter: JMeterHome=D:\apache-jmeter-5.3
2021-01-18 11:22:52,963 INFO o.a.j.JMeter: user.dir  =D:\apache-jmeter-5.3\bin
2021-01-18 11:22:52,963 INFO o.a.j.JMeter: PWD       =D:\apache-jmeter-5.3\bin
2021-01-18 11:22:53,420 INFO o.a.j.JMeter: IP: 192.168.56.1 Name: aVivo FullName: 192.168.56.1
2021-01-18 11:22:53,433 INFO o.a.j.s.FileServer: Default base='D:\apache-jmeter-5.3\bin'
2021-01-18 11:22:53,440 INFO o.a.j.s.FileServer: Set new base='D:\apache-jmeter-5.3\bin\uff-testplan'
2021-01-18 11:22:53,704 INFO o.a.j.s.SaveService: Testplan (JMX) version: 2.2. Testlog (JTL) version: 2.2
2021-01-18 11:22:53,731 INFO o.a.j.s.SaveService: Using SaveService properties file encoding UTF-8
2021-01-18 11:22:53,739 INFO o.a.j.s.SaveService: Using SaveService properties version 5.0
2021-01-18 11:22:53,747 INFO o.a.j.s.SaveService: Loading file: uff-testplan\TestPlan-UFF.jmx
2021-01-18 11:22:53,831 INFO o.a.j.p.h.s.HTTPSamplerBase: Parser for text/html is org.apache.jmeter.protocol.http.parser.LagartoBasedHtmlParser
2021-01-18 11:22:53,831 INFO o.a.j.p.h.s.HTTPSamplerBase: Parser for application/xhtml+xml is org.apache.jmeter.protocol.http.parser.LagartoBasedHtmlParser
2021-01-18 11:22:53,831 INFO o.a.j.p.h.s.HTTPSamplerBase: Parser for application/xml is org.apache.jmeter.protocol.http.parser.LagartoBasedHtmlParser
2021-01-18 11:22:53,832 INFO o.a.j.p.h.s.HTTPSamplerBase: Parser for text/xml is org.apache.jmeter.protocol.http.parser.LagartoBasedHtmlParser
2021-01-18 11:22:53,832 INFO o.a.j.p.h.s.HTTPSamplerBase: Parser for text/vnd.wap.wml is org.apache.jmeter.protocol.http.parser.RegexpHTMLParser
2021-01-18 11:22:53,832 INFO o.a.j.p.h.s.HTTPSamplerBase: Parser for text/css is org.apache.jmeter.protocol.http.parser.CssParser
2021-01-18 11:22:54,338 INFO o.a.j.p.h.c.CacheManager: Will only cache the following methods: [GET]
2021-01-18 11:22:54,342 INFO o.a.j.p.h.c.CookieManager: Settings: Delete null: true Check: true Allow variable: true Save: false Prefix: COOKIE_
2021-01-18 11:22:55,152 INFO o.a.j.JMeter: Creating summariser <summary>
2021-01-18 11:22:55,230 INFO o.a.j.e.StandardJMeterEngine: Running the test!
2021-01-18 11:22:55,232 INFO o.a.j.s.SampleEvent: List of sample_variables: []
2021-01-18 11:22:55,232 INFO o.a.j.s.SampleEvent: List of sample_variables: []
2021-01-18 11:22:55,243 INFO o.a.j.e.u.CompoundVariable: Note: Function class names must contain the string: '.functions.'
2021-01-18 11:22:55,243 INFO o.a.j.e.u.CompoundVariable: Note: Function class names must not contain the string: '.gui.'
2021-01-18 11:22:58,647 INFO c.t.j.e.c.PropertyReader: Property file reader - loading the properties from D:\apache-jmeter-5.3\bin\uff-testplan\/conf/env.perf.telflow.com.properties
2021-01-18 11:22:58,648 INFO c.t.j.e.c.PropertyReader: Property file reader - loading the properties from D:\apache-jmeter-5.3\bin\uff-testplan\/conf/TR-0.properties
2021-01-18 11:22:58,649 INFO c.t.j.e.c.PropertyReader: Property file reader - loading the properties from D:\apache-jmeter-5.3\bin\uff-testplan\/conf/general.properties
2021-01-18 11:22:58,752 INFO o.a.j.JMeter: Running test (1610940178752)
2021-01-18 11:22:58,861 INFO o.a.j.e.StandardJMeterEngine: Starting ThreadGroup: 1 : [Load] - TR 0 View Task (shakeout)
2021-01-18 11:22:58,862 INFO o.a.j.e.StandardJMeterEngine: Starting 1 threads for group [Load] - TR 0 View Task (shakeout).
2021-01-18 11:22:58,862 INFO o.a.j.e.StandardJMeterEngine: Thread will continue on error
2021-01-18 11:22:58,862 INFO o.a.j.t.ThreadGroup: Starting thread group... number=1 threads=1 ramp-up=1 delayedStart=false
2021-01-18 11:22:58,874 INFO o.a.j.t.ThreadGroup: Started thread group number 1
2021-01-18 11:22:58,874 INFO o.a.j.e.StandardJMeterEngine: All thread groups have been started
2021-01-18 11:23:00,600 INFO o.a.j.s.SampleResult: Note: Sample TimeStamps are START times
2021-01-18 11:23:00,601 INFO o.a.j.s.SampleResult: sampleresult.default.encoding is set to ISO-8859-1
2021-01-18 11:23:00,601 INFO o.a.j.s.SampleResult: sampleresult.useNanoTime=true
2021-01-18 11:23:00,601 INFO o.a.j.s.SampleResult: sampleresult.nanoThreadSleep=5000
2021-01-18 11:23:00,603 INFO o.a.j.t.JMeterThread: Thread started: [Load] - TR 0 View Task (shakeout) 1-1
2021-01-18 11:23:00,606 INFO o.a.j.s.FileServer: Stored: csv\/TaskID.csv
2021-01-18 11:23:00,611 INFO o.a.j.s.FileServer: Stored: csv\/NewOrderID.csv
2021-01-18 11:23:00,612 INFO o.a.j.s.FileServer: Stored: csv\CustomerUser.csv
2021-01-18 11:23:00,944 INFO o.a.j.p.h.s.HTTPHCAbstractImpl: Local host = aVivo
2021-01-18 11:23:00,952 INFO o.a.j.p.h.s.HTTPHC4Impl: HTTP request retry count = 0
2021-01-18 11:23:01,605 INFO o.a.j.p.h.s.h.LazyLayeredConnectionSocketFactory: Setting up HTTPS TrustAll Socket Factory
2021-01-18 11:23:01,615 INFO o.a.j.u.JsseSSLManager: Using default SSL protocol: TLS
2021-01-18 11:23:01,615 INFO o.a.j.u.JsseSSLManager: SSL session context: per-thread
2021-01-18 11:23:01,772 INFO o.a.j.u.SSLManager: JmeterKeyStore Location:  type JKS
2021-01-18 11:23:01,774 INFO o.a.j.u.SSLManager: KeyStore created OK
2021-01-18 11:23:01,774 WARN o.a.j.u.SSLManager: Keystore file not found, loading empty keystore
2021-01-18 11:23:02,809 INFO o.a.j.r.Summariser: summary +      1 in 00:00:04 =    0.2/s Avg:  1254 Min:  1254 Max:  1254 Err:     0 (0.00%) Active: 1 Started: 1 Finished: 0
2021-01-18 11:23:02,902 ERROR o.a.j.t.p.AbstractProperty: Tried to parse a non-number string to an integer
java.lang.NumberFormatException: For input string: "load0.delay"
	at sun.misc.FloatingDecimal.readJavaFormatString(Unknown Source) ~[?:1.8.0_171]
	at sun.misc.FloatingDecimal.parseDouble(Unknown Source) ~[?:1.8.0_171]
	at java.lang.Double.parseDouble(Unknown Source) ~[?:1.8.0_171]
	at org.apache.jmeter.testelement.property.AbstractProperty.getDoubleValue(AbstractProperty.java:144) [ApacheJMeter_core.jar:5.3]
	at org.apache.jmeter.testelement.AbstractTestElement.getPropertyAsDouble(AbstractTestElement.java:275) [ApacheJMeter_core.jar:5.3]
	at org.apache.jmeter.timers.RandomTimer.getRange(RandomTimer.java:63) [ApacheJMeter_components.jar:5.3]
	at org.apache.jmeter.timers.UniformRandomTimer.delay(UniformRandomTimer.java:35) [ApacheJMeter_components.jar:5.3]
	at org.apache.jmeter.threads.JMeterThread.delay(JMeterThread.java:967) [ApacheJMeter_core.jar:5.3]
	at org.apache.jmeter.threads.JMeterThread.executeSamplePackage(JMeterThread.java:554) [ApacheJMeter_core.jar:5.3]
	at org.apache.jmeter.threads.JMeterThread.processSampler(JMeterThread.java:489) [ApacheJMeter_core.jar:5.3]
	at org.apache.jmeter.threads.JMeterThread.run(JMeterThread.java:256) [ApacheJMeter_core.jar:5.3]
	at java.lang.Thread.run(Unknown Source) [?:1.8.0_171]
2021-01-18 11:23:05,892 ERROR o.a.j.t.p.AbstractProperty: Tried to parse a non-number string to an integer
java.lang.NumberFormatException: For input string: "load0.delay"
	at sun.misc.FloatingDecimal.readJavaFormatString(Unknown Source) ~[?:1.8.0_171]
	at sun.misc.FloatingDecimal.parseDouble(Unknown Source) ~[?:1.8.0_171]
	at java.lang.Double.parseDouble(Unknown Source) ~[?:1.8.0_171]
	at org.apache.jmeter.testelement.property.AbstractProperty.getDoubleValue(AbstractProperty.java:144) [ApacheJMeter_core.jar:5.3]
	at org.apache.jmeter.testelement.AbstractTestElement.getPropertyAsDouble(AbstractTestElement.java:275) [ApacheJMeter_core.jar:5.3]
	at org.apache.jmeter.timers.RandomTimer.getRange(RandomTimer.java:63) [ApacheJMeter_components.jar:5.3]
	at org.apache.jmeter.timers.UniformRandomTimer.delay(UniformRandomTimer.java:35) [ApacheJMeter_components.jar:5.3]
	at org.apache.jmeter.threads.JMeterThread.delay(JMeterThread.java:967) [ApacheJMeter_core.jar:5.3]
	at org.apache.jmeter.threads.JMeterThread.executeSamplePackage(JMeterThread.java:554) [ApacheJMeter_core.jar:5.3]
	at org.apache.jmeter.threads.JMeterThread.processSampler(JMeterThread.java:489) [ApacheJMeter_core.jar:5.3]
	at org.apache.jmeter.threads.JMeterThread.run(JMeterThread.java:256) [ApacheJMeter_core.jar:5.3]
	at java.lang.Thread.run(Unknown Source) [?:1.8.0_171]
2021-01-18 11:23:06,743 ERROR o.a.j.t.p.AbstractProperty: Tried to parse a non-number string to an integer
java.lang.NumberFormatException: For input string: "load0.delay"
	at sun.misc.FloatingDecimal.readJavaFormatString(Unknown Source) ~[?:1.8.0_171]
	at sun.misc.FloatingDecimal.parseDouble(Unknown Source) ~[?:1.8.0_171]
	at java.lang.Double.parseDouble(Unknown Source) ~[?:1.8.0_171]
	at org.apache.jmeter.testelement.property.AbstractProperty.getDoubleValue(AbstractProperty.java:144) [ApacheJMeter_core.jar:5.3]
	at org.apache.jmeter.testelement.AbstractTestElement.getPropertyAsDouble(AbstractTestElement.java:275) [ApacheJMeter_core.jar:5.3]
	at org.apache.jmeter.timers.RandomTimer.getRange(RandomTimer.java:63) [ApacheJMeter_components.jar:5.3]
	at org.apache.jmeter.timers.UniformRandomTimer.delay(UniformRandomTimer.java:35) [ApacheJMeter_components.jar:5.3]
	at org.apache.jmeter.threads.JMeterThread.delay(JMeterThread.java:967) [ApacheJMeter_core.jar:5.3]
	at org.apache.jmeter.threads.JMeterThread.executeSamplePackage(JMeterThread.java:554) [ApacheJMeter_core.jar:5.3]
	at org.apache.jmeter.threads.JMeterThread.processSampler(JMeterThread.java:489) [ApacheJMeter_core.jar:5.3]
	at org.apache.jmeter.threads.JMeterThread.run(JMeterThread.java:256) [ApacheJMeter_core.jar:5.3]
	at java.lang.Thread.run(Unknown Source) [?:1.8.0_171]
2021-01-18 11:23:07,212 ERROR o.a.j.t.p.AbstractProperty: Tried to parse a non-number string to an integer
java.lang.NumberFormatException: For input string: "load0.delay"
	at sun.misc.FloatingDecimal.readJavaFormatString(Unknown Source) ~[?:1.8.0_171]
	at sun.misc.FloatingDecimal.parseDouble(Unknown Source) ~[?:1.8.0_171]
	at java.lang.Double.parseDouble(Unknown Source) ~[?:1.8.0_171]
	at org.apache.jmeter.testelement.property.AbstractProperty.getDoubleValue(AbstractProperty.java:144) [ApacheJMeter_core.jar:5.3]
	at org.apache.jmeter.testelement.AbstractTestElement.getPropertyAsDouble(AbstractTestElement.java:275) [ApacheJMeter_core.jar:5.3]
	at org.apache.jmeter.timers.RandomTimer.getRange(RandomTimer.java:63) [ApacheJMeter_components.jar:5.3]
	at org.apache.jmeter.timers.UniformRandomTimer.delay(UniformRandomTimer.java:35) [ApacheJMeter_components.jar:5.3]
	at org.apache.jmeter.threads.JMeterThread.delay(JMeterThread.java:967) [ApacheJMeter_core.jar:5.3]
	at org.apache.jmeter.threads.JMeterThread.executeSamplePackage(JMeterThread.java:554) [ApacheJMeter_core.jar:5.3]
	at org.apache.jmeter.threads.JMeterThread.processSampler(JMeterThread.java:489) [ApacheJMeter_core.jar:5.3]
	at org.apache.jmeter.threads.JMeterThread.run(JMeterThread.java:256) [ApacheJMeter_core.jar:5.3]
	at java.lang.Thread.run(Unknown Source) [?:1.8.0_171]
2021-01-18 11:23:07,837 ERROR o.a.j.t.p.AbstractProperty: Tried to parse a non-number string to an integer
java.lang.NumberFormatException: For input string: "load0.delay"
	at sun.misc.FloatingDecimal.readJavaFormatString(Unknown Source) ~[?:1.8.0_171]
	at sun.misc.FloatingDecimal.parseDouble(Unknown Source) ~[?:1.8.0_171]
	at java.lang.Double.parseDouble(Unknown Source) ~[?:1.8.0_171]
	at org.apache.jmeter.testelement.property.AbstractProperty.getDoubleValue(AbstractProperty.java:144) [ApacheJMeter_core.jar:5.3]
	at org.apache.jmeter.testelement.AbstractTestElement.getPropertyAsDouble(AbstractTestElement.java:275) [ApacheJMeter_core.jar:5.3]
	at org.apache.jmeter.timers.RandomTimer.getRange(RandomTimer.java:63) [ApacheJMeter_components.jar:5.3]
	at org.apache.jmeter.timers.UniformRandomTimer.delay(UniformRandomTimer.java:35) [ApacheJMeter_components.jar:5.3]
	at org.apache.jmeter.threads.JMeterThread.delay(JMeterThread.java:967) [ApacheJMeter_core.jar:5.3]
	at org.apache.jmeter.threads.JMeterThread.executeSamplePackage(JMeterThread.java:554) [ApacheJMeter_core.jar:5.3]
	at org.apache.jmeter.threads.JMeterThread.processSampler(JMeterThread.java:489) [ApacheJMeter_core.jar:5.3]
	at org.apache.jmeter.threads.JMeterThread.run(JMeterThread.java:256) [ApacheJMeter_core.jar:5.3]
	at java.lang.Thread.run(Unknown Source) [?:1.8.0_171]
2021-01-18 11:23:08,334 ERROR o.a.j.t.p.AbstractProperty: Tried to parse a non-number string to an integer
java.lang.NumberFormatException: For input string: "load0.delay"
	at sun.misc.FloatingDecimal.readJavaFormatString(Unknown Source) ~[?:1.8.0_171]
	at sun.misc.FloatingDecimal.parseDouble(Unknown Source) ~[?:1.8.0_171]
	at java.lang.Double.parseDouble(Unknown Source) ~[?:1.8.0_171]
	at org.apache.jmeter.testelement.property.AbstractProperty.getDoubleValue(AbstractProperty.java:144) [ApacheJMeter_core.jar:5.3]
	at org.apache.jmeter.testelement.AbstractTestElement.getPropertyAsDouble(AbstractTestElement.java:275) [ApacheJMeter_core.jar:5.3]
	at org.apache.jmeter.timers.RandomTimer.getRange(RandomTimer.java:63) [ApacheJMeter_components.jar:5.3]
	at org.apache.jmeter.timers.UniformRandomTimer.delay(UniformRandomTimer.java:35) [ApacheJMeter_components.jar:5.3]
	at org.apache.jmeter.threads.JMeterThread.delay(JMeterThread.java:967) [ApacheJMeter_core.jar:5.3]
	at org.apache.jmeter.threads.JMeterThread.executeSamplePackage(JMeterThread.java:554) [ApacheJMeter_core.jar:5.3]
	at org.apache.jmeter.threads.JMeterThread.processSampler(JMeterThread.java:489) [ApacheJMeter_core.jar:5.3]
	at org.apache.jmeter.threads.JMeterThread.run(JMeterThread.java:256) [ApacheJMeter_core.jar:5.3]
	at java.lang.Thread.run(Unknown Source) [?:1.8.0_171]
2021-01-18 11:23:08,547 ERROR o.a.j.t.p.AbstractProperty: Tried to parse a non-number string to an integer
java.lang.NumberFormatException: For input string: "load0.delay"
	at sun.misc.FloatingDecimal.readJavaFormatString(Unknown Source) ~[?:1.8.0_171]
	at sun.misc.FloatingDecimal.parseDouble(Unknown Source) ~[?:1.8.0_171]
	at java.lang.Double.parseDouble(Unknown Source) ~[?:1.8.0_171]
	at org.apache.jmeter.testelement.property.AbstractProperty.getDoubleValue(AbstractProperty.java:144) [ApacheJMeter_core.jar:5.3]
	at org.apache.jmeter.testelement.AbstractTestElement.getPropertyAsDouble(AbstractTestElement.java:275) [ApacheJMeter_core.jar:5.3]
	at org.apache.jmeter.timers.RandomTimer.getRange(RandomTimer.java:63) [ApacheJMeter_components.jar:5.3]
	at org.apache.jmeter.timers.UniformRandomTimer.delay(UniformRandomTimer.java:35) [ApacheJMeter_components.jar:5.3]
	at org.apache.jmeter.threads.JMeterThread.delay(JMeterThread.java:967) [ApacheJMeter_core.jar:5.3]
	at org.apache.jmeter.threads.JMeterThread.executeSamplePackage(JMeterThread.java:554) [ApacheJMeter_core.jar:5.3]
	at org.apache.jmeter.threads.JMeterThread.processSampler(JMeterThread.java:489) [ApacheJMeter_core.jar:5.3]
	at org.apache.jmeter.threads.JMeterThread.run(JMeterThread.java:256) [ApacheJMeter_core.jar:5.3]
	at java.lang.Thread.run(Unknown Source) [?:1.8.0_171]
2021-01-18 11:23:08,714 ERROR o.a.j.t.p.AbstractProperty: Tried to parse a non-number string to an integer
java.lang.NumberFormatException: For input string: "load0.delay"
	at sun.misc.FloatingDecimal.readJavaFormatString(Unknown Source) ~[?:1.8.0_171]
	at sun.misc.FloatingDecimal.parseDouble(Unknown Source) ~[?:1.8.0_171]
	at java.lang.Double.parseDouble(Unknown Source) ~[?:1.8.0_171]
	at org.apache.jmeter.testelement.property.AbstractProperty.getDoubleValue(AbstractProperty.java:144) [ApacheJMeter_core.jar:5.3]
	at org.apache.jmeter.testelement.AbstractTestElement.getPropertyAsDouble(AbstractTestElement.java:275) [ApacheJMeter_core.jar:5.3]
	at org.apache.jmeter.timers.RandomTimer.getRange(RandomTimer.java:63) [ApacheJMeter_components.jar:5.3]
	at org.apache.jmeter.timers.UniformRandomTimer.delay(UniformRandomTimer.java:35) [ApacheJMeter_components.jar:5.3]
	at org.apache.jmeter.threads.JMeterThread.delay(JMeterThread.java:967) [ApacheJMeter_core.jar:5.3]
	at org.apache.jmeter.threads.JMeterThread.executeSamplePackage(JMeterThread.java:554) [ApacheJMeter_core.jar:5.3]
	at org.apache.jmeter.threads.JMeterThread.processSampler(JMeterThread.java:489) [ApacheJMeter_core.jar:5.3]
	at org.apache.jmeter.threads.JMeterThread.run(JMeterThread.java:256) [ApacheJMeter_core.jar:5.3]
	at java.lang.Thread.run(Unknown Source) [?:1.8.0_171]
2021-01-18 11:23:08,911 ERROR o.a.j.t.p.AbstractProperty: Tried to parse a non-number string to an integer
java.lang.NumberFormatException: For input string: "load0.delay"
	at sun.misc.FloatingDecimal.readJavaFormatString(Unknown Source) ~[?:1.8.0_171]
	at sun.misc.FloatingDecimal.parseDouble(Unknown Source) ~[?:1.8.0_171]
	at java.lang.Double.parseDouble(Unknown Source) ~[?:1.8.0_171]
	at org.apache.jmeter.testelement.property.AbstractProperty.getDoubleValue(AbstractProperty.java:144) [ApacheJMeter_core.jar:5.3]
	at org.apache.jmeter.testelement.AbstractTestElement.getPropertyAsDouble(AbstractTestElement.java:275) [ApacheJMeter_core.jar:5.3]
	at org.apache.jmeter.timers.RandomTimer.getRange(RandomTimer.java:63) [ApacheJMeter_components.jar:5.3]
	at org.apache.jmeter.timers.UniformRandomTimer.delay(UniformRandomTimer.java:35) [ApacheJMeter_components.jar:5.3]
	at org.apache.jmeter.threads.JMeterThread.delay(JMeterThread.java:967) [ApacheJMeter_core.jar:5.3]
	at org.apache.jmeter.threads.JMeterThread.executeSamplePackage(JMeterThread.java:554) [ApacheJMeter_core.jar:5.3]
	at org.apache.jmeter.threads.JMeterThread.processSampler(JMeterThread.java:489) [ApacheJMeter_core.jar:5.3]
	at org.apache.jmeter.threads.JMeterThread.run(JMeterThread.java:256) [ApacheJMeter_core.jar:5.3]
	at java.lang.Thread.run(Unknown Source) [?:1.8.0_171]
2021-01-18 11:23:09,103 ERROR o.a.j.t.p.AbstractProperty: Tried to parse a non-number string to an integer
java.lang.NumberFormatException: For input string: "load0.delay"
	at sun.misc.FloatingDecimal.readJavaFormatString(Unknown Source) ~[?:1.8.0_171]
	at sun.misc.FloatingDecimal.parseDouble(Unknown Source) ~[?:1.8.0_171]
	at java.lang.Double.parseDouble(Unknown Source) ~[?:1.8.0_171]
	at org.apache.jmeter.testelement.property.AbstractProperty.getDoubleValue(AbstractProperty.java:144) [ApacheJMeter_core.jar:5.3]
	at org.apache.jmeter.testelement.AbstractTestElement.getPropertyAsDouble(AbstractTestElement.java:275) [ApacheJMeter_core.jar:5.3]
	at org.apache.jmeter.timers.RandomTimer.getRange(RandomTimer.java:63) [ApacheJMeter_components.jar:5.3]
	at org.apache.jmeter.timers.UniformRandomTimer.delay(UniformRandomTimer.java:35) [ApacheJMeter_components.jar:5.3]
	at org.apache.jmeter.threads.JMeterThread.delay(JMeterThread.java:967) [ApacheJMeter_core.jar:5.3]
	at org.apache.jmeter.threads.JMeterThread.executeSamplePackage(JMeterThread.java:554) [ApacheJMeter_core.jar:5.3]
	at org.apache.jmeter.threads.JMeterThread.processSampler(JMeterThread.java:489) [ApacheJMeter_core.jar:5.3]
	at org.apache.jmeter.threads.JMeterThread.run(JMeterThread.java:256) [ApacheJMeter_core.jar:5.3]
	at java.lang.Thread.run(Unknown Source) [?:1.8.0_171]
2021-01-18 11:23:09,279 ERROR o.a.j.t.p.AbstractProperty: Tried to parse a non-number string to an integer
java.lang.NumberFormatException: For input string: "load0.delay"
	at sun.misc.FloatingDecimal.readJavaFormatString(Unknown Source) ~[?:1.8.0_171]
	at sun.misc.FloatingDecimal.parseDouble(Unknown Source) ~[?:1.8.0_171]
	at java.lang.Double.parseDouble(Unknown Source) ~[?:1.8.0_171]
	at org.apache.jmeter.testelement.property.AbstractProperty.getDoubleValue(AbstractProperty.java:144) [ApacheJMeter_core.jar:5.3]
	at org.apache.jmeter.testelement.AbstractTestElement.getPropertyAsDouble(AbstractTestElement.java:275) [ApacheJMeter_core.jar:5.3]
	at org.apache.jmeter.timers.RandomTimer.getRange(RandomTimer.java:63) [ApacheJMeter_components.jar:5.3]
	at org.apache.jmeter.timers.UniformRandomTimer.delay(UniformRandomTimer.java:35) [ApacheJMeter_components.jar:5.3]
	at org.apache.jmeter.threads.JMeterThread.delay(JMeterThread.java:967) [ApacheJMeter_core.jar:5.3]
	at org.apache.jmeter.threads.JMeterThread.executeSamplePackage(JMeterThread.java:554) [ApacheJMeter_core.jar:5.3]
	at org.apache.jmeter.threads.JMeterThread.processSampler(JMeterThread.java:489) [ApacheJMeter_core.jar:5.3]
	at org.apache.jmeter.threads.JMeterThread.run(JMeterThread.java:256) [ApacheJMeter_core.jar:5.3]
	at java.lang.Thread.run(Unknown Source) [?:1.8.0_171]
2021-01-18 11:23:09,459 ERROR o.a.j.t.p.AbstractProperty: Tried to parse a non-number string to an integer
java.lang.NumberFormatException: For input string: "load0.delay"
	at sun.misc.FloatingDecimal.readJavaFormatString(Unknown Source) ~[?:1.8.0_171]
	at sun.misc.FloatingDecimal.parseDouble(Unknown Source) ~[?:1.8.0_171]
	at java.lang.Double.parseDouble(Unknown Source) ~[?:1.8.0_171]
	at org.apache.jmeter.testelement.property.AbstractProperty.getDoubleValue(AbstractProperty.java:144) [ApacheJMeter_core.jar:5.3]
	at org.apache.jmeter.testelement.AbstractTestElement.getPropertyAsDouble(AbstractTestElement.java:275) [ApacheJMeter_core.jar:5.3]
	at org.apache.jmeter.timers.RandomTimer.getRange(RandomTimer.java:63) [ApacheJMeter_components.jar:5.3]
	at org.apache.jmeter.timers.UniformRandomTimer.delay(UniformRandomTimer.java:35) [ApacheJMeter_components.jar:5.3]
	at org.apache.jmeter.threads.JMeterThread.delay(JMeterThread.java:967) [ApacheJMeter_core.jar:5.3]
	at org.apache.jmeter.threads.JMeterThread.executeSamplePackage(JMeterThread.java:554) [ApacheJMeter_core.jar:5.3]
	at org.apache.jmeter.threads.JMeterThread.processSampler(JMeterThread.java:489) [ApacheJMeter_core.jar:5.3]
	at org.apache.jmeter.threads.JMeterThread.run(JMeterThread.java:256) [ApacheJMeter_core.jar:5.3]
	at java.lang.Thread.run(Unknown Source) [?:1.8.0_171]
2021-01-18 11:23:09,673 ERROR o.a.j.t.p.AbstractProperty: Tried to parse a non-number string to an integer
java.lang.NumberFormatException: For input string: "load0.delay"
	at sun.misc.FloatingDecimal.readJavaFormatString(Unknown Source) ~[?:1.8.0_171]
	at sun.misc.FloatingDecimal.parseDouble(Unknown Source) ~[?:1.8.0_171]
	at java.lang.Double.parseDouble(Unknown Source) ~[?:1.8.0_171]
	at org.apache.jmeter.testelement.property.AbstractProperty.getDoubleValue(AbstractProperty.java:144) [ApacheJMeter_core.jar:5.3]
	at org.apache.jmeter.testelement.AbstractTestElement.getPropertyAsDouble(AbstractTestElement.java:275) [ApacheJMeter_core.jar:5.3]
	at org.apache.jmeter.timers.RandomTimer.getRange(RandomTimer.java:63) [ApacheJMeter_components.jar:5.3]
	at org.apache.jmeter.timers.UniformRandomTimer.delay(UniformRandomTimer.java:35) [ApacheJMeter_components.jar:5.3]
	at org.apache.jmeter.threads.JMeterThread.delay(JMeterThread.java:967) [ApacheJMeter_core.jar:5.3]
	at org.apache.jmeter.threads.JMeterThread.executeSamplePackage(JMeterThread.java:554) [ApacheJMeter_core.jar:5.3]
	at org.apache.jmeter.threads.JMeterThread.processSampler(JMeterThread.java:489) [ApacheJMeter_core.jar:5.3]
	at org.apache.jmeter.threads.JMeterThread.run(JMeterThread.java:256) [ApacheJMeter_core.jar:5.3]
	at java.lang.Thread.run(Unknown Source) [?:1.8.0_171]
2021-01-18 11:23:09,838 ERROR o.a.j.t.p.AbstractProperty: Tried to parse a non-number string to an integer
java.lang.NumberFormatException: For input string: "load0.delay"
	at sun.misc.FloatingDecimal.readJavaFormatString(Unknown Source) ~[?:1.8.0_171]
	at sun.misc.FloatingDecimal.parseDouble(Unknown Source) ~[?:1.8.0_171]
	at java.lang.Double.parseDouble(Unknown Source) ~[?:1.8.0_171]
	at org.apache.jmeter.testelement.property.AbstractProperty.getDoubleValue(AbstractProperty.java:144) [ApacheJMeter_core.jar:5.3]
	at org.apache.jmeter.testelement.AbstractTestElement.getPropertyAsDouble(AbstractTestElement.java:275) [ApacheJMeter_core.jar:5.3]
	at org.apache.jmeter.timers.RandomTimer.getRange(RandomTimer.java:63) [ApacheJMeter_components.jar:5.3]
	at org.apache.jmeter.timers.UniformRandomTimer.delay(UniformRandomTimer.java:35) [ApacheJMeter_components.jar:5.3]
	at org.apache.jmeter.threads.JMeterThread.delay(JMeterThread.java:967) [ApacheJMeter_core.jar:5.3]
	at org.apache.jmeter.threads.JMeterThread.executeSamplePackage(JMeterThread.java:554) [ApacheJMeter_core.jar:5.3]
	at org.apache.jmeter.threads.JMeterThread.processSampler(JMeterThread.java:489) [ApacheJMeter_core.jar:5.3]
	at org.apache.jmeter.threads.JMeterThread.run(JMeterThread.java:256) [ApacheJMeter_core.jar:5.3]
	at java.lang.Thread.run(Unknown Source) [?:1.8.0_171]
2021-01-18 11:23:12,355 INFO o.a.j.t.JMeterThread: Thread is done: [Load] - TR 0 View Task (shakeout) 1-1
2021-01-18 11:23:12,355 INFO o.a.j.t.JMeterThread: Thread finished: [Load] - TR 0 View Task (shakeout) 1-1
2021-01-18 11:23:12,357 INFO o.a.j.e.StandardJMeterEngine: Notifying test listeners of end of test
2021-01-18 11:23:12,357 INFO o.a.j.s.FileServer: Close: csv\/TaskID.csv
2021-01-18 11:23:12,358 INFO o.a.j.s.FileServer: Close: csv\/NewOrderID.csv
2021-01-18 11:23:12,358 INFO o.a.j.s.FileServer: Close: csv\CustomerUser.csv
2021-01-18 11:23:12,360 INFO o.a.j.r.Summariser: summary +     14 in 00:00:10 =    1.5/s Avg:   652 Min:   150 Max:  2951 Err:     0 (0.00%) Active: 0 Started: 1 Finished: 1
2021-01-18 11:23:12,360 INFO o.a.j.r.Summariser: summary =     15 in 00:00:14 =    1.1/s Avg:   692 Min:   150 Max:  2951 Err:     0 (0.00%)
